1629167388001	geckodriver	INFO	Listening on 127.0.0.1:58164
1629167391031	mozrunner::runner	INFO	Running command: "C:\\Program Files\\Mozilla Firefox\\firefox.exe" "--marionette" "--headless" "--disable-gpu" "-foreground" "-no-remote" "-profile" "C:\\Users\\ADMIN\\AppData\\Local\\Temp\\rust_mozprofileCcZ35g"
*** You are running in headless mode.
1629167391266	Marionette	INFO	Marionette enabled
[GFX1-]: RenderCompositorSWGL failed mapping default framebuffer, no dt
console.warn: SearchSettings: "get: No settings file exists, new profile?" (new NotFoundError("Could not open the file at C:\\Users\\ADMIN\\AppData\\Local\\Temp\\rust_mozprofileCcZ35g\\search.json.mozlz4", (void 0)))
1629167392083	Marionette	INFO	Listening on port 58173
1629167392561	RemoteAgent	WARN	TLS certificate errors will be ignored for this session
1629167429517	Marionette	WARN	TimedPromise timed out after 500 ms: stacktrace:
TimedPromise/<@chrome://remote/content/marionette/sync.js:238:19
TimedPromise@chrome://remote/content/marionette/sync.js:223:10
interaction.flushEventLoop@chrome://remote/content/marionette/interaction.js:431:10
webdriverClickElement@chrome://remote/content/marionette/interaction.js:179:31
1629167441374	Marionette	WARN	TimedPromise timed out after 500 ms: stacktrace:
TimedPromise/<@chrome://remote/content/marionette/sync.js:238:19
TimedPromise@chrome://remote/content/marionette/sync.js:223:10
interaction.flushEventLoop@chrome://remote/content/marionette/interaction.js:431:10
webdriverClickElement@chrome://remote/content/marionette/interaction.js:179:31
1629167452087	Marionette	INFO	Stopped listening on port 58173
JavaScript error: resource://gre/modules/ConduitsChild.jsm, line 108: Error: sendRemoveListener on closed conduit adguardadblocker@adguard.com.274877907070
JavaScript error: resource:///modules/Interactions.jsm, line 209: NS_ERROR_FAILURE: Component returned failure code: 0x80004005 (NS_ERROR_FAILURE) [nsIUserIdleService.removeIdleObserver]

###!!! [Parent][RunMessage] Error: Channel closing: too late to send/recv, messages will be lost

1629167531548	geckodriver	INFO	Listening on 127.0.0.1:58273
1629167534563	mozrunner::runner	INFO	Running command: "C:\\Program Files\\Mozilla Firefox\\firefox.exe" "--marionette" "--headless" "--disable-gpu" "-foreground" "-no-remote" "-profile" "C:\\Users\\ADMIN\\AppData\\Local\\Temp\\rust_mozprofileUZ5Pck"
*** You are running in headless mode.
1629167534863	Marionette	INFO	Marionette enabled
[GFX1-]: RenderCompositorSWGL failed mapping default framebuffer, no dt
console.warn: SearchSettings: "get: No settings file exists, new profile?" (new NotFoundError("Could not open the file at C:\\Users\\ADMIN\\AppData\\Local\\Temp\\rust_mozprofileUZ5Pck\\search.json.mozlz4", (void 0)))
1629167535722	Marionette	INFO	Listening on port 58282
1629167536105	RemoteAgent	WARN	TLS certificate errors will be ignored for this session
console.error: services.settings: 
  main/doh-providers Signature failed  InvalidSignatureError: Invalid content signature (main/doh-providers)
console.error: services.settings: 
  main/doh-providers local data was corrupted
console.warn: services.settings: main/doh-providers Signature verified failed. Retry from scratch
console.error: services.settings: 
  main/doh-config Signature failed  InvalidSignatureError: Invalid content signature (main/doh-config)
console.error: services.settings: 
  main/doh-config local data was corrupted
console.warn: services.settings: main/doh-config Signature verified failed. Retry from scratch
1629167927330	geckodriver	INFO	Listening on 127.0.0.1:56327
1629167930360	mozrunner::runner	INFO	Running command: "C:\\Program Files\\Mozilla Firefox\\firefox.exe" "--marionette" "--headless" "--disable-gpu" "-foreground" "-no-remote" "-profile" "C:\\Users\\ADMIN\\AppData\\Local\\Temp\\rust_mozprofileYlYj6l"
*** You are running in headless mode.
1629167930595	Marionette	INFO	Marionette enabled
[GFX1-]: RenderCompositorSWGL failed mapping default framebuffer, no dt
console.warn: SearchSettings: "get: No settings file exists, new profile?" (new NotFoundError("Could not open the file at C:\\Users\\ADMIN\\AppData\\Local\\Temp\\rust_mozprofileYlYj6l\\search.json.mozlz4", (void 0)))
1629167931411	Marionette	INFO	Listening on port 56335
1629167931891	RemoteAgent	WARN	TLS certificate errors will be ignored for this session
Exiting due to channel error.
Exiting due to channel error.
1629168097684	geckodriver	INFO	Listening on 127.0.0.1:57507
1629168100716	mozrunner::runner	INFO	Running command: "C:\\Program Files\\Mozilla Firefox\\firefox.exe" "--marionette" "--headless" "--disable-gpu" "-foreground" "-no-remote" "-profile" "C:\\Users\\ADMIN\\AppData\\Local\\Temp\\rust_mozprofileLnFaiW"
*** You are running in headless mode.
1629168100948	Marionette	INFO	Marionette enabled
[GFX1-]: RenderCompositorSWGL failed mapping default framebuffer, no dt
console.warn: SearchSettings: "get: No settings file exists, new profile?" (new NotFoundError("Could not open the file at C:\\Users\\ADMIN\\AppData\\Local\\Temp\\rust_mozprofileLnFaiW\\search.json.mozlz4", (void 0)))
1629168101774	Marionette	INFO	Listening on port 57515
1629168102245	RemoteAgent	WARN	TLS certificate errors will be ignored for this session
Exiting due to channel error.
1629169644186	geckodriver	INFO	Listening on 127.0.0.1:56200
1629169647230	mozrunner::runner	INFO	Running command: "C:\\Program Files\\Mozilla Firefox\\firefox.exe" "--marionette" "--headless" "--disable-gpu" "-foreground" "-no-remote" "-profile" "C:\\Users\\ADMIN\\AppData\\Local\\Temp\\rust_mozprofile6SzJvb"
*** You are running in headless mode.
1629169647484	Marionette	INFO	Marionette enabled
[GFX1-]: RenderCompositorSWGL failed mapping default framebuffer, no dt
console.warn: SearchSettings: "get: No settings file exists, new profile?" (new NotFoundError("Could not open the file at C:\\Users\\ADMIN\\AppData\\Local\\Temp\\rust_mozprofile6SzJvb\\search.json.mozlz4", (void 0)))
1629169648312	Marionette	INFO	Listening on port 56208
1629169648771	RemoteAgent	WARN	TLS certificate errors will be ignored for this session
console.error: services.settings: 
  main/doh-providers Signature failed  InvalidSignatureError: Invalid content signature (main/doh-providers)
console.error: services.settings: 
  main/doh-providers local data was corrupted
console.warn: services.settings: main/doh-providers Signature verified failed. Retry from scratch
console.error: services.settings: 
  main/doh-config Signature failed  InvalidSignatureError: Invalid content signature (main/doh-config)
console.error: services.settings: 
  main/doh-config local data was corrupted
console.warn: services.settings: main/doh-config Signature verified failed. Retry from scratch
console.log: WebExtensions: reset-default-search: starting.
console.log: WebExtensions: reset-default-search: No addons in our list are installed.
Exiting due to channel error.
Listening on 127.0.0.1:49608
1629175152209	mozrunner::runner	INFO	Running command: "C:\\Program Files\\Mozilla Firefox\\firefox.exe" "--marionette" "--headless" "--disable-gpu" "-foreground" "-no-remote" "-profile" "C:\\Users\\ADMIN\\AppData\\Local\\Temp\\rust_mozprofileEDiFRY"
*** You are running in headless mode.
1629175152512	Marionette	INFO	Marionette enabled
[GFX1-]: RenderCompositorSWGL failed mapping default framebuffer, no dt
console.warn: SearchSettings: "get: No settings file exists, new profile?" (new NotFoundError("Could not open the file at C:\\Users\\ADMIN\\AppData\\Local\\Temp\\rust_mozprofileEDiFRY\\search.json.mozlz4", (void 0)))
1629175153357	Marionette	INFO	Listening on port 56216
1629175153788	RemoteAgent	WARN	TLS certificate errors will be ignored for this session
1629175180467	Marionette	INFO	Stopped listening on port 56216
JavaScript error: resource://gre/modules/ConduitsChild.jsm, line 108: Error: sendRemoveListener on closed conduit adguardadblocker@adguard.com.274877907070
JavaScript error: resource:///modules/Interactions.jsm, line 209: NS_ERROR_FAILURE: Component returned failure code: 0x80004005 (NS_ERROR_FAILURE) [nsIUserIdleService.removeIdleObserver]
1629175823964	geckodriver	INFO	Listening on 127.0.0.1:50961
1629175827004	mozrunner::runner	INFO	Running command: "C:\\Program Files\\Mozilla Firefox\\firefox.exe" "--marionette" "--headless" "--disable-gpu" "-foreground" "-no-remote" "-profile" "C:\\Users\\ADMIN\\AppData\\Local\\Temp\\rust_mozprofileH8Jadd"
*** You are running in headless mode.
1629175827260	Marionette	INFO	Marionette enabled
[GFX1-]: RenderCompositorSWGL failed mapping default framebuffer, no dt
console.warn: SearchSettings: "get: No settings file exists, new profile?" (new NotFoundError("Could not open the file at C:\\Users\\ADMIN\\AppData\\Local\\Temp\\rust_mozprofileH8Jadd\\search.json.mozlz4", (void 0)))
1629175828172	Marionette	INFO	Listening on port 61207
1629175828545	RemoteAgent	WARN	TLS certificate errors will be ignored for this session
1629175842867	Marionette	WARN	TimedPromise timed out after 500 ms: stacktrace:
TimedPromise/<@chrome://remote/content/marionette/sync.js:238:19
TimedPromise@chrome://remote/content/marionette/sync.js:223:10
interaction.flushEventLoop@chrome://remote/content/marionette/interaction.js:431:10
webdriverClickElement@chrome://remote/content/marionette/interaction.js:179:31
1629175854831	Marionette	WARN	TimedPromise timed out after 500 ms: stacktrace:
TimedPromise/<@chrome://remote/content/marionette/sync.js:238:19
TimedPromise@chrome://remote/content/marionette/sync.js:223:10
interaction.flushEventLoop@chrome://remote/content/marionette/interaction.js:431:10
webdriverClickElement@chrome://remote/content/marionette/interaction.js:179:31
1629175866785	Marionette	WARN	TimedPromise timed out after 500 ms: stacktrace:
TimedPromise/<@chrome://remote/content/marionette/sync.js:238:19
TimedPromise@chrome://remote/content/marionette/sync.js:223:10
interaction.flushEventLoop@chrome://remote/content/marionette/interaction.js:431:10
webdriverClickElement@chrome://remote/content/marionette/interaction.js:179:31
1629175877486	Marionette	INFO	Stopped listening on port 61207
JavaScript error: resource://gre/modules/ConduitsChild.jsm, line 108: Error: sendRemoveListener on closed conduit adguardadblocker@adguard.com.274877907070
JavaScript error: resource:///modules/Interactions.jsm, line 209: NS_ERROR_FAILURE: Component returned failure code: 0x80004005 (NS_ERROR_FAILURE) [nsIUserIdleService.removeIdleObserver]

###!!! [Parent][RunMessage] Error: Channel closing: too late to send/recv, messages will be lost

1629175917643	geckodriver	INFO	Listening on 127.0.0.1:49217
1629175920687	mozrunner::runner	INFO	Running command: "C:\\Program Files\\Mozilla Firefox\\firefox.exe" "--marionette" "--headless" "--disable-gpu" "-foreground" "-no-remote" "-profile" "C:\\Users\\ADMIN\\AppData\\Local\\Temp\\rust_mozprofileHSXpvR"
*** You are running in headless mode.
1629175920934	Marionette	INFO	Marionette enabled
[GFX1-]: RenderCompositorSWGL failed mapping default framebuffer, no dt
console.warn: SearchSettings: "get: No settings file exists, new profile?" (new NotFoundError("Could not open the file at C:\\Users\\ADMIN\\AppData\\Local\\Temp\\rust_mozprofileHSXpvR\\search.json.mozlz4", (void 0)))
1629175921864	Marionette	INFO	Listening on port 58287
1629175922217	RemoteAgent	WARN	TLS certificate errors will be ignored for this session
1629175947605	Marionette	WARN	TimedPromise timed out after 500 ms: stacktrace:
TimedPromise/<@chrome://remote/content/marionette/sync.js:238:19
TimedPromise@chrome://remote/content/marionette/sync.js:223:10
interaction.flushEventLoop@chrome://remote/content/marionette/interaction.js:431:10
webdriverClickElement@chrome://remote/content/marionette/interaction.js:179:31
1629175959528	Marionette	WARN	TimedPromise timed out after 500 ms: stacktrace:
TimedPromise/<@chrome://remote/content/marionette/sync.js:238:19
TimedPromise@chrome://remote/content/marionette/sync.js:223:10
interaction.flushEventLoop@chrome://remote/content/marionette/interaction.js:431:10
webdriverClickElement@chrome://remote/content/marionette/interaction.js:179:31
1629175970244	Marionette	INFO	Stopped listening on port 58287
JavaScript error: resource://gre/modules/ConduitsChild.jsm, line 108: Error: sendRemoveListener on closed conduit adguardadblocker@adguard.com.274877907070
JavaScript error: resource:///modules/Interactions.jsm, line 209: NS_ERROR_FAILURE: Component returned failure code: 0x80004005 (NS_ERROR_FAILURE) [nsIUserIdleService.removeIdleObserver]

###!!! [Parent][RunMessage] Error: Channel closing: too late to send/recv, messages will be lost

1629176018217	geckodriver	INFO	Listening on 127.0.0.1:49200
1629176021261	mozrunner::runner	INFO	Running command: "C:\\Program Files\\Mozilla Firefox\\firefox.exe" "--marionette" "--headless" "--disable-gpu" "-foreground" "-no-remote" "-profile" "C:\\Users\\ADMIN\\AppData\\Local\\Temp\\rust_mozprofileGals4a"
*** You are running in headless mode.
1629176021508	Marionette	INFO	Marionette enabled
[GFX1-]: RenderCompositorSWGL failed mapping default framebuffer, no dt
console.warn: SearchSettings: "get: No settings file exists, new profile?" (new NotFoundError("Could not open the file at C:\\Users\\ADMIN\\AppData\\Local\\Temp\\rust_mozprofileGals4a\\search.json.mozlz4", (void 0)))
1629176022428	Marionette	INFO	Listening on port 63164
1629176022796	RemoteAgent	WARN	TLS certificate errors will be ignored for this session
Exiting due to channel error.
Listening on 127.0.0.1:63808
1629176036429	mozrunner::runner	INFO	Running command: "C:\\Program Files\\Mozilla Firefox\\firefox.exe" "--marionette" "--headless" "--disable-gpu" "-foreground" "-no-remote" "-profile" "C:\\Users\\ADMIN\\AppData\\Local\\Temp\\rust_mozprofilecX7klz"
*** You are running in headless mode.
1629176036672	Marionette	INFO	Marionette enabled
[GFX1-]: RenderCompositorSWGL failed mapping default framebuffer, no dt
console.warn: SearchSettings: "get: No settings file exists, new profile?" (new NotFoundError("Could not open the file at C:\\Users\\ADMIN\\AppData\\Local\\Temp\\rust_mozprofilecX7klz\\search.json.mozlz4", (void 0)))
1629176037605	Marionette	INFO	Listening on port 52986
1629176037957	RemoteAgent	WARN	TLS certificate errors will be ignored for this session
1629176047800	Marionette	WARN	TimedPromise timed out after 500 ms: stacktrace:
TimedPromise/<@chrome://remote/content/marionette/sync.js:238:19
TimedPromise@chrome://remote/content/marionette/sync.js:223:10
interaction.flushEventLoop@chrome://remote/content/marionette/interaction.js:431:10
webdriverClickElement@chrome://remote/content/marionette/interaction.js:179:31
1629176058528	Marionette	INFO	Stopped listening on port 52986
JavaScript error: resource://gre/modules/ConduitsChild.jsm, line 108: Error: sendRemoveListener on closed conduit adguardadblocker@adguard.com.274877907070
JavaScript error: resource:///modules/Interactions.jsm, line 209: NS_ERROR_FAILURE: Component returned failure code: 0x80004005 (NS_ERROR_FAILURE) [nsIUserIdleService.removeIdleObserver]

###!!! [Parent][RunMessage] Error: Channel closing: too late to send/recv, messages will be lost

1629180474853	geckodriver	INFO	Listening on 127.0.0.1:58078
1629180477890	mozrunner::runner	INFO	Running command: "C:\\Program Files\\Mozilla Firefox\\firefox.exe" "--marionette" "--headless" "--disable-gpu" "-foreground" "-no-remote" "-profile" "C:\\Users\\ADMIN\\AppData\\Local\\Temp\\rust_mozprofileyVXlcX"
*** You are running in headless mode.
1629180478136	Marionette	INFO	Marionette enabled
[GFX1-]: RenderCompositorSWGL failed mapping default framebuffer, no dt
console.warn: SearchSettings: "get: No settings file exists, new profile?" (new NotFoundError("Could not open the file at C:\\Users\\ADMIN\\AppData\\Local\\Temp\\rust_mozprofileyVXlcX\\search.json.mozlz4", (void 0)))
1629180479047	Marionette	INFO	Listening on port 61959
1629180479421	RemoteAgent	WARN	TLS certificate errors will be ignored for this session
1629180492250	Marionette	WARN	TimedPromise timed out after 500 ms: stacktrace:
TimedPromise/<@chrome://remote/content/marionette/sync.js:238:19
TimedPromise@chrome://remote/content/marionette/sync.js:223:10
interaction.flushEventLoop@chrome://remote/content/marionette/interaction.js:431:10
webdriverClickElement@chrome://remote/content/marionette/interaction.js:179:31
1629180502980	Marionette	INFO	Stopped listening on port 61959
JavaScript error: resource://gre/modules/ConduitsChild.jsm, line 108: Error: sendRemoveListener on closed conduit adguardadblocker@adguard.com.274877907070
JavaScript error: resource:///modules/Interactions.jsm, line 209: NS_ERROR_FAILURE: Component returned failure code: 0x80004005 (NS_ERROR_FAILURE) [nsIUserIdleService.removeIdleObserver]

###!!! [Parent][RunMessage] Error: Channel closing: too late to send/recv, messages will be lost

1629180608657	geckodriver	INFO	Listening on 127.0.0.1:60097
1629180611666	mozrunner::runner	INFO	Running command: "C:\\Program Files\\Mozilla Firefox\\firefox.exe" "--marionette" "--headless" "--disable-gpu" "-foreground" "-no-remote" "-profile" "C:\\Users\\ADMIN\\AppData\\Local\\Temp\\rust_mozprofileznCJ6D"
*** You are running in headless mode.
1629180611927	Marionette	INFO	Marionette enabled
[GFX1-]: RenderCompositorSWGL failed mapping default framebuffer, no dt
console.warn: SearchSettings: "get: No settings file exists, new profile?" (new NotFoundError("Could not open the file at C:\\Users\\ADMIN\\AppData\\Local\\Temp\\rust_mozprofileznCJ6D\\search.json.mozlz4", (void 0)))
1629180612779	Marionette	INFO	Listening on port 62373
1629180613197	RemoteAgent	WARN	TLS certificate errors will be ignored for this session
1629180615771	Marionette	INFO	Stopped listening on port 62373
JavaScript error: resource:///modules/Interactions.jsm, line 209: NS_ERROR_FAILURE: Component returned failure code: 0x80004005 (NS_ERROR_FAILURE) [nsIUserIdleService.removeIdleObserver]

###!!! [Parent][RunMessage] Error: Channel closing: too late to send/recv, messages will be lost

1629180757598	geckodriver	INFO	Listening on 127.0.0.1:50757
1629180760629	mozrunner::runner	INFO	Running command: "C:\\Program Files\\Mozilla Firefox\\firefox.exe" "--marionette" "--headless" "--disable-gpu" "-foreground" "-no-remote" "-profile" "C:\\Users\\ADMIN\\AppData\\Local\\Temp\\rust_mozprofile2rxlDo"
*** You are running in headless mode.
1629180760873	Marionette	INFO	Marionette enabled
[GFX1-]: RenderCompositorSWGL failed mapping default framebuffer, no dt
console.warn: SearchSettings: "get: No settings file exists, new profile?" (new NotFoundError("Could not open the file at C:\\Users\\ADMIN\\AppData\\Local\\Temp\\rust_mozprofile2rxlDo\\search.json.mozlz4", (void 0)))
1629180761702	Marionette	INFO	Listening on port 58984
1629180762160	RemoteAgent	WARN	TLS certificate errors will be ignored for this session
1629180771764	Marionette	WARN	TimedPromise timed out after 500 ms: stacktrace:
TimedPromise/<@chrome://remote/content/marionette/sync.js:238:19
TimedPromise@chrome://remote/content/marionette/sync.js:223:10
interaction.flushEventLoop@chrome://remote/content/marionette/interaction.js:431:10
webdriverClickElement@chrome://remote/content/marionette/interaction.js:179:31
1629180782495	Marionette	INFO	Stopped listening on port 58984
JavaScript error: resource://gre/modules/ConduitsChild.jsm, line 108: Error: sendRemoveListener on closed conduit adguardadblocker@adguard.com.274877907070
JavaScript error: resource:///modules/Interactions.jsm, line 209: NS_ERROR_FAILURE: Component returned failure code: 0x80004005 (NS_ERROR_FAILURE) [nsIUserIdleService.removeIdleObserver]

###!!! [Parent][RunMessage] Error: Channel closing: too late to send/recv, messages will be lost

1629181007271	geckodriver	INFO	Listening on 127.0.0.1:55149
1629181010302	mozrunner::runner	INFO	Running command: "C:\\Program Files\\Mozilla Firefox\\firefox.exe" "--marionette" "--headless" "--disable-gpu" "-foreground" "-no-remote" "-profile" "C:\\Users\\ADMIN\\AppData\\Local\\Temp\\rust_mozprofileq75drR"
*** You are running in headless mode.
1629181010551	Marionette	INFO	Marionette enabled
[GFX1-]: RenderCompositorSWGL failed mapping default framebuffer, no dt
console.warn: SearchSettings: "get: No settings file exists, new profile?" (new NotFoundError("Could not open the file at C:\\Users\\ADMIN\\AppData\\Local\\Temp\\rust_mozprofileq75drR\\search.json.mozlz4", (void 0)))
1629181011455	Marionette	INFO	Listening on port 49183
1629181011834	RemoteAgent	WARN	TLS certificate errors will be ignored for this session
1629181011855	Marionette	INFO	Stopped listening on port 49183
JavaScript error: resource:///modules/Interactions.jsm, line 209: NS_ERROR_FAILURE: Component returned failure code: 0x80004005 (NS_ERROR_FAILURE) [nsIUserIdleService.removeIdleObserver]

###!!! [Parent][RunMessage] Error: Channel closing: too late to send/recv, messages will be lost

1629181029801	geckodriver	INFO	Listening on 127.0.0.1:64618
1629181032811	mozrunner::runner	INFO	Running command: "C:\\Program Files\\Mozilla Firefox\\firefox.exe" "--marionette" "--headless" "--disable-gpu" "-foreground" "-no-remote" "-profile" "C:\\Users\\ADMIN\\AppData\\Local\\Temp\\rust_mozprofiledUwavn"
*** You are running in headless mode.
1629181033055	Marionette	INFO	Marionette enabled
[GFX1-]: RenderCompositorSWGL failed mapping default framebuffer, no dt
console.warn: SearchSettings: "get: No settings file exists, new profile?" (new NotFoundError("Could not open the file at C:\\Users\\ADMIN\\AppData\\Local\\Temp\\rust_mozprofiledUwavn\\search.json.mozlz4", (void 0)))
1629181033898	Marionette	INFO	Listening on port 50583
1629181034342	RemoteAgent	WARN	TLS certificate errors will be ignored for this session
1629181036883	Marionette	INFO	Stopped listening on port 50583
JavaScript error: resource:///modules/Interactions.jsm, line 209: NS_ERROR_FAILURE: Component returned failure code: 0x80004005 (NS_ERROR_FAILURE) [nsIUserIdleService.removeIdleObserver]

###!!! [Parent][RunMessage] Error: Channel closing: too late to send/recv, messages will be lost

1629181231108	geckodriver	INFO	Listening on 127.0.0.1:60588
1629181234130	mozrunner::runner	INFO	Running command: "C:\\Program Files\\Mozilla Firefox\\firefox.exe" "--marionette" "--headless" "--disable-gpu" "-foreground" "-no-remote" "-profile" "C:\\Users\\ADMIN\\AppData\\Local\\Temp\\rust_mozprofileqOht6L"
*** You are running in headless mode.
1629181234379	Marionette	INFO	Marionette enabled
[GFX1-]: RenderCompositorSWGL failed mapping default framebuffer, no dt
console.warn: SearchSettings: "get: No settings file exists, new profile?" (new NotFoundError("Could not open the file at C:\\Users\\ADMIN\\AppData\\Local\\Temp\\rust_mozprofileqOht6L\\search.json.mozlz4", (void 0)))
1629181235218	Marionette	INFO	Listening on port 65534
1629181235663	RemoteAgent	WARN	TLS certificate errors will be ignored for this session
1629181238194	Marionette	INFO	Stopped listening on port 65534
JavaScript error: resource:///modules/Interactions.jsm, line 209: NS_ERROR_FAILURE: Component returned failure code: 0x80004005 (NS_ERROR_FAILURE) [nsIUserIdleService.removeIdleObserver]

###!!! [Parent][RunMessage] Error: Channel closing: too late to send/recv, messages will be lost

1629181279911	geckodriver	INFO	Listening on 127.0.0.1:53106
1629181282955	mozrunner::runner	INFO	Running command: "C:\\Program Files\\Mozilla Firefox\\firefox.exe" "--marionette" "--headless" "--disable-gpu" "-foreground" "-no-remote" "-profile" "C:\\Users\\ADMIN\\AppData\\Local\\Temp\\rust_mozprofileRJtckQ"
*** You are running in headless mode.
1629181283198	Marionette	INFO	Marionette enabled
[GFX1-]: RenderCompositorSWGL failed mapping default framebuffer, no dt
console.warn: SearchSettings: "get: No settings file exists, new profile?" (new NotFoundError("Could not open the file at C:\\Users\\ADMIN\\AppData\\Local\\Temp\\rust_mozprofileRJtckQ\\search.json.mozlz4", (void 0)))
1629181284036	Marionette	INFO	Listening on port 57553
1629181284485	RemoteAgent	WARN	TLS certificate errors will be ignored for this session
1629181287016	Marionette	INFO	Stopped listening on port 57553
JavaScript error: resource:///modules/Interactions.jsm, line 209: NS_ERROR_FAILURE: Component returned failure code: 0x80004005 (NS_ERROR_FAILURE) [nsIUserIdleService.removeIdleObserver]
1629181315683	geckodriver	INFO	Listening on 127.0.0.1:59760
1629181318726	mozrunner::runner	INFO	Running command: "C:\\Program Files\\Mozilla Firefox\\firefox.exe" "--marionette" "--headless" "--disable-gpu" "-foreground" "-no-remote" "-profile" "C:\\Users\\ADMIN\\AppData\\Local\\Temp\\rust_mozprofile9BFWan"
*** You are running in headless mode.
1629181318975	Marionette	INFO	Marionette enabled
[GFX1-]: RenderCompositorSWGL failed mapping default framebuffer, no dt
console.warn: SearchSettings: "get: No settings file exists, new profile?" (new NotFoundError("Could not open the file at C:\\Users\\ADMIN\\AppData\\Local\\Temp\\rust_mozprofile9BFWan\\search.json.mozlz4", (void 0)))
1629181319849	Marionette	INFO	Listening on port 59039
1629181320257	RemoteAgent	WARN	TLS certificate errors will be ignored for this session
1629181322794	Marionette	INFO	Stopped listening on port 59039
JavaScript error: resource:///modules/Interactions.jsm, line 209: NS_ERROR_FAILURE: Component returned failure code: 0x80004005 (NS_ERROR_FAILURE) [nsIUserIdleService.removeIdleObserver]
1629181372186	geckodriver	INFO	Listening on 127.0.0.1:49718
1629181375228	mozrunner::runner	INFO	Running command: "C:\\Program Files\\Mozilla Firefox\\firefox.exe" "--marionette" "--headless" "--disable-gpu" "-foreground" "-no-remote" "-profile" "C:\\Users\\ADMIN\\AppData\\Local\\Temp\\rust_mozprofileTkuXJQ"
*** You are running in headless mode.
1629181375473	Marionette	INFO	Marionette enabled
[GFX1-]: RenderCompositorSWGL failed mapping default framebuffer, no dt
console.warn: SearchSettings: "get: No settings file exists, new profile?" (new NotFoundError("Could not open the file at C:\\Users\\ADMIN\\AppData\\Local\\Temp\\rust_mozprofileTkuXJQ\\search.json.mozlz4", (void 0)))
1629181376316	Marionette	INFO	Listening on port 64340
1629181376764	RemoteAgent	WARN	TLS certificate errors will be ignored for this session
1629181386458	Marionette	WARN	TimedPromise timed out after 500 ms: stacktrace:
TimedPromise/<@chrome://remote/content/marionette/sync.js:238:19
TimedPromise@chrome://remote/content/marionette/sync.js:223:10
interaction.flushEventLoop@chrome://remote/content/marionette/interaction.js:431:10
webdriverClickElement@chrome://remote/content/marionette/interaction.js:179:31
1629181397186	Marionette	INFO	Stopped listening on port 64340
JavaScript error: resource://gre/modules/ConduitsChild.jsm, line 108: Error: sendRemoveListener on closed conduit adguardadblocker@adguard.com.274877907070
JavaScript error: resource:///modules/Interactions.jsm, line 209: NS_ERROR_FAILURE: Component returned failure code: 0x80004005 (NS_ERROR_FAILURE) [nsIUserIdleService.removeIdleObserver]
1629181677795	geckodriver	INFO	Listening on 127.0.0.1:53690
1629181680815	mozrunner::runner	INFO	Running command: "C:\\Program Files\\Mozilla Firefox\\firefox.exe" "--marionette" "--headless" "--disable-gpu" "-foreground" "-no-remote" "-profile" "C:\\Users\\ADMIN\\AppData\\Local\\Temp\\rust_mozprofileRuPYNz"
*** You are running in headless mode.
1629181681060	Marionette	INFO	Marionette enabled
[GFX1-]: RenderCompositorSWGL failed mapping default framebuffer, no dt
console.warn: SearchSettings: "get: No settings file exists, new profile?" (new NotFoundError("Could not open the file at C:\\Users\\ADMIN\\AppData\\Local\\Temp\\rust_mozprofileRuPYNz\\search.json.mozlz4", (void 0)))
1629181681908	Marionette	INFO	Listening on port 61455
1629181682348	RemoteAgent	WARN	TLS certificate errors will be ignored for this session
1629181692037	Marionette	INFO	Stopped listening on port 61455
JavaScript error: resource://gre/modules/ConduitsChild.jsm, line 108: Error: sendRemoveListener on closed conduit adguardadblocker@adguard.com.274877907070
JavaScript error: resource:///modules/Interactions.jsm, line 209: NS_ERROR_FAILURE: Component returned failure code: 0x80004005 (NS_ERROR_FAILURE) [nsIUserIdleService.removeIdleObserver]

###!!! [Parent][RunMessage] Error: Channel closing: too late to send/recv, messages will be lost

1629181741689	geckodriver	INFO	Listening on 127.0.0.1:50320
1629181744718	mozrunner::runner	INFO	Running command: "C:\\Program Files\\Mozilla Firefox\\firefox.exe" "--marionette" "--headless" "--disable-gpu" "-foreground" "-no-remote" "-profile" "C:\\Users\\ADMIN\\AppData\\Local\\Temp\\rust_mozprofilee3Ck49"
*** You are running in headless mode.
1629181744963	Marionette	INFO	Marionette enabled
[GFX1-]: RenderCompositorSWGL failed mapping default framebuffer, no dt
console.warn: SearchSettings: "get: No settings file exists, new profile?" (new NotFoundError("Could not open the file at C:\\Users\\ADMIN\\AppData\\Local\\Temp\\rust_mozprofilee3Ck49\\search.json.mozlz4", (void 0)))
1629181745803	Marionette	INFO	Listening on port 51899
1629181746249	RemoteAgent	WARN	TLS certificate errors will be ignored for this session
1629181755134	Marionette	INFO	Stopped listening on port 51899
JavaScript error: resource://gre/modules/ConduitsChild.jsm, line 108: Error: sendRemoveListener on closed conduit adguardadblocker@adguard.com.274877907070
JavaScript error: resource:///modules/Interactions.jsm, line 209: NS_ERROR_FAILURE: Component returned failure code: 0x80004005 (NS_ERROR_FAILURE) [nsIUserIdleService.removeIdleObserver]

###!!! [Parent][RunMessage] Error: Channel closing: too late to send/recv, messages will be lost

1629181775530	geckodriver	INFO	Listening on 127.0.0.1:49536
1629181778551	mozrunner::runner	INFO	Running command: "C:\\Program Files\\Mozilla Firefox\\firefox.exe" "--marionette" "--headless" "--disable-gpu" "-foreground" "-no-remote" "-profile" "C:\\Users\\ADMIN\\AppData\\Local\\Temp\\rust_mozprofileL2Psn8"
*** You are running in headless mode.
1629181778809	Marionette	INFO	Marionette enabled
[GFX1-]: RenderCompositorSWGL failed mapping default framebuffer, no dt
console.warn: SearchSettings: "get: No settings file exists, new profile?" (new NotFoundError("Could not open the file at C:\\Users\\ADMIN\\AppData\\Local\\Temp\\rust_mozprofileL2Psn8\\search.json.mozlz4", (void 0)))
1629181779656	Marionette	INFO	Listening on port 59879
1629181780081	RemoteAgent	WARN	TLS certificate errors will be ignored for this session
1629181789607	Marionette	WARN	TimedPromise timed out after 500 ms: stacktrace:
TimedPromise/<@chrome://remote/content/marionette/sync.js:238:19
TimedPromise@chrome://remote/content/marionette/sync.js:223:10
interaction.flushEventLoop@chrome://remote/content/marionette/interaction.js:431:10
webdriverClickElement@chrome://remote/content/marionette/interaction.js:179:31
1629181800338	Marionette	INFO	Stopped listening on port 59879
JavaScript error: resource://gre/modules/ConduitsChild.jsm, line 108: Error: sendRemoveListener on closed conduit adguardadblocker@adguard.com.274877907070
JavaScript error: resource:///modules/Interactions.jsm, line 209: NS_ERROR_FAILURE: Component returned failure code: 0x80004005 (NS_ERROR_FAILURE) [nsIUserIdleService.removeIdleObserver]

###!!! [Parent][RunMessage] Error: Channel closing: too late to send/recv, messages will be lost

